<?xml version="1.0" encoding="UTF-8"?>
<testng-results ignored="0" total="1" passed="1" failed="0" skipped="0">
  <reporter-output>
  </reporter-output>
  <suite started-at="2023-02-18T12:30:01 IST" name="Default suite" finished-at="2023-02-18T12:30:24 IST" duration-ms="23094">
    <groups>
    </groups>
    <test started-at="2023-02-18T12:30:01 IST" name="Default test" finished-at="2023-02-18T12:30:24 IST" duration-ms="23094">
      <class name="TestScript.FourthTest">
        <test-method is-config="true" signature="classconfiguration()[pri:0, instance:TestScript.FourthTest@c88a337]" started-at="2023-02-18T12:30:01 IST" name="classconfiguration" finished-at="2023-02-18T12:30:02 IST" duration-ms="983" status="PASS">
          <reporter-output>
          </reporter-output>
        </test-method> <!-- classconfiguration -->
        <test-method is-config="true" signature="methodconfiguration()[pri:0, instance:TestScript.FourthTest@c88a337]" started-at="2023-02-18T12:30:02 IST" name="methodconfiguration" finished-at="2023-02-18T12:30:08 IST" duration-ms="6069" status="PASS">
          <reporter-output>
          </reporter-output>
        </test-method> <!-- methodconfiguration -->
        <test-method signature="firstTest()[pri:0, instance:TestScript.FourthTest@c88a337]" started-at="2023-02-18T12:30:08 IST" name="firstTest" finished-at="2023-02-18T12:30:24 IST" duration-ms="15858" status="PASS">
          <reporter-output>
          </reporter-output>
        </test-method> <!-- firstTest -->
        <test-method is-config="true" signature="methodTearDown()[pri:0, instance:TestScript.FourthTest@c88a337]" started-at="2023-02-18T12:30:24 IST" name="methodTearDown" finished-at="2023-02-18T12:30:24 IST" duration-ms="131" status="PASS">
          <reporter-output>
          </reporter-output>
        </test-method> <!-- methodTearDown -->
        <test-method is-config="true" signature="classTearDown()[pri:0, instance:TestScript.FourthTest@c88a337]" started-at="2023-02-18T12:30:24 IST" name="classTearDown" finished-at="2023-02-18T12:30:24 IST" duration-ms="0" status="PASS">
          <reporter-output>
          </reporter-output>
        </test-method> <!-- classTearDown -->
      </class> <!-- TestScript.FourthTest -->
    </test> <!-- Default test -->
  </suite> <!-- Default suite -->
</testng-results>
